# JRE version: OpenJDK Runtime Environment Temurin-21.0.8+9 (21.0.8+9) (build 21.0.8+9-LTS)
# Java VM: OpenJDK 64-Bit Server VM Temurin-21.0.8+9 (21.0.8+9-LTS, mixed mode, sharing, tiered, compressed oops, compressed class ptrs, parallel gc, windows-amd64)
GC Precious Log:
 CardTable entry size: 512
 CPUs: 8 total, 8 available
 Memory: 7975M
 Large Page Support: Disabled
 NUMA Support: Disabled
 Compressed Oops: Enabled (32-bit)
 Alignments: Space 512K, Generation 512K, Heap 2M
 Heap Min Capacity: 100M
 Heap Initial Capacity: 100M
 Heap Max Capacity: 2G
 Pre-touch: Disabled
 Parallel Workers: 8
Heap:
 PSYoungGen      total 9216K, used 8559K [0x00000000d5580000, 0x00000000d6000000, 0x0000000100000000)
  eden space 7680K, 96% used [0x00000000d5580000,0x00000000d5cc4a38,0x00000000d5d00000)
  from space 1536K, 72% used [0x00000000d5d00000,0x00000000d5e17540,0x00000000d5e80000)
  to   space 1536K, 0% used [0x00000000d5e80000,0x00000000d5e80000,0x00000000d6000000)
 ParOldGen       total 910336K, used 144407K [0x0000000080000000, 0x00000000b7900000, 0x00000000d5580000)
  object space 910336K, 15% used [0x0000000080000000,0x0000000088d05c50,0x00000000b7900000)
 Metaspace       used 83387K, committed 85120K, reserved 1179648K
  class space    used 8699K, committed 9536K, reserved 1048576K
GC Heap History (20 events):
Event: 3813.291 GC heap before
{Heap before GC invocations=1226 (full 4):
 PSYoungGen      total 8704K, used 7039K [0x00000000d5580000, 0x00000000d5f00000, 0x0000000100000000)
  eden space 8192K, 83% used [0x00000000d5580000,0x00000000d5c27f98,0x00000000d5d80000)
  from space 512K, 43% used [0x00000000d5e00000,0x00000000d5e38000,0x00000000d5e80000)
  to   space 512K, 0% used [0x00000000d5e80000,0x00000000d5e80000,0x00000000d5f00000)
 ParOldGen       total 910336K, used 141828K [0x0000000080000000, 0x00000000b7900000, 0x00000000d5580000)
  object space 910336K, 15% used [0x0000000080000000,0x0000000088a81308,0x00000000b7900000)
 Metaspace       used 82771K, committed 84928K, reserved 1179648K
  class space    used 8660K, committed 9536K, reserved 1048576K
}
Event: 3813.292 GC heap after
{Heap after GC invocations=1226 (full 4):
 PSYoungGen      total 8704K, used 256K [0x00000000d5580000, 0x00000000d5f00000, 0x0000000100000000)
  eden space 8192K, 0% used [0x00000000d5580000,0x00000000d5580000,0x00000000d5d80000)
  from space 512K, 50% used [0x00000000d5e80000,0x00000000d5ec0000,0x00000000d5f00000)
  to   space 512K, 0% used [0x00000000d5e00000,0x00000000d5e00000,0x00000000d5e80000)
 ParOldGen       total 910336K, used 141884K [0x0000000080000000, 0x00000000b7900000, 0x00000000d5580000)
  object space 910336K, 15% used [0x0000000080000000,0x0000000088a8f308,0x00000000b7900000)
 Metaspace       used 82771K, committed 84928K, reserved 1179648K
  class space    used 8660K, committed 9536K, reserved 1048576K
}
Event: 3813.313 GC heap before
{Heap before GC invocations=1227 (full 4):
 PSYoungGen      total 8704K, used 7922K [0x00000000d5580000, 0x00000000d5f00000, 0x0000000100000000)
  eden space 8192K, 93% used [0x00000000d5580000,0x00000000d5cfc9f8,0x00000000d5d80000)
  from space 512K, 50% used [0x00000000d5e80000,0x00000000d5ec0000,0x00000000d5f00000)
  to   space 512K, 0% used [0x00000000d5e00000,0x00000000d5e00000,0x00000000d5e80000)
 ParOldGen       total 910336K, used 141884K [0x0000000080000000, 0x00000000b7900000, 0x00000000d5580000)
  object space 910336K, 15% used [0x0000000080000000,0x0000000088a8f308,0x00000000b7900000)
 Metaspace       used 82771K, committed 84928K, reserved 1179648K
  class space    used 8660K, committed 9536K, reserved 1048576K
}
Event: 3813.314 GC heap after
{Heap after GC invocations=1227 (full 4):
 PSYoungGen      total 8704K, used 218K [0x00000000d5580000, 0x00000000d5f00000, 0x0000000100000000)
  eden space 8192K, 0% used [0x00000000d5580000,0x00000000d5580000,0x00000000d5d80000)
  from space 512K, 42% used [0x00000000d5e00000,0x00000000d5e36900,0x00000000d5e80000)
  to   space 512K, 0% used [0x00000000d5e80000,0x00000000d5e80000,0x00000000d5f00000)
 ParOldGen       total 910336K, used 141964K [0x0000000080000000, 0x00000000b7900000, 0x00000000d5580000)
  object space 910336K, 15% used [0x0000000080000000,0x0000000088aa3308,0x00000000b7900000)
 Metaspace       used 82771K, committed 84928K, reserved 1179648K
  class space    used 8660K, committed 9536K, reserved 1048576K
}
Event: 4093.549 GC heap before
{Heap before GC invocations=1228 (full 4):
 PSYoungGen      total 8704K, used 8410K [0x00000000d5580000, 0x00000000d5f00000, 0x0000000100000000)
  eden space 8192K, 99% used [0x00000000d5580000,0x00000000d5d7ffe8,0x00000000d5d80000)
  from space 512K, 42% used [0x00000000d5e00000,0x00000000d5e36900,0x00000000d5e80000)
  to   space 512K, 0% used [0x00000000d5e80000,0x00000000d5e80000,0x00000000d5f00000)
 ParOldGen       total 910336K, used 141964K [0x0000000080000000, 0x00000000b7900000, 0x00000000d5580000)
  object space 910336K, 15% used [0x0000000080000000,0x0000000088aa3308,0x00000000b7900000)
 Metaspace       used 82831K, committed 84928K, reserved 1179648K
  class space    used 8668K, committed 9536K, reserved 1048576K
}
Event: 4093.613 GC heap after
{Heap after GC invocations=1228 (full 4):
 PSYoungGen      total 8704K, used 320K [0x00000000d5580000, 0x00000000d5f00000, 0x0000000100000000)
  eden space 8192K, 0% used [0x00000000d5580000,0x00000000d5580000,0x00000000d5d80000)
  from space 512K, 62% used [0x00000000d5e80000,0x00000000d5ed0000,0x00000000d5f00000)
  to   space 512K, 0% used [0x00000000d5e00000,0x00000000d5e00000,0x00000000d5e80000)
 ParOldGen       total 910336K, used 142004K [0x0000000080000000, 0x00000000b7900000, 0x00000000d5580000)
  object space 910336K, 15% used [0x0000000080000000,0x0000000088aad308,0x00000000b7900000)
 Metaspace       used 82831K, committed 84928K, reserved 1179648K
  class space    used 8668K, committed 9536K, reserved 1048576K
}
Event: 11981.264 GC heap before
{Heap before GC invocations=1229 (full 4):
 PSYoungGen      total 8704K, used 8511K [0x00000000d5580000, 0x00000000d5f00000, 0x0000000100000000)
  eden space 8192K, 99% used [0x00000000d5580000,0x00000000d5d7ffb0,0x00000000d5d80000)
  from space 512K, 62% used [0x00000000d5e80000,0x00000000d5ed0000,0x00000000d5f00000)
  to   space 512K, 0% used [0x00000000d5e00000,0x00000000d5e00000,0x00000000d5e80000)
 ParOldGen       total 910336K, used 142004K [0x0000000080000000, 0x00000000b7900000, 0x00000000d5580000)
  object space 910336K, 15% used [0x0000000080000000,0x0000000088aad308,0x00000000b7900000)
 Metaspace       used 83096K, committed 84928K, reserved 1179648K
  class space    used 8694K, committed 9536K, reserved 1048576K
}
Event: 11981.318 GC heap after
{Heap after GC invocations=1229 (full 4):
 PSYoungGen      total 8704K, used 506K [0x00000000d5580000, 0x00000000d6080000, 0x0000000100000000)
  eden space 8192K, 0% used [0x00000000d5580000,0x00000000d5580000,0x00000000d5d80000)
  from space 512K, 98% used [0x00000000d5e00000,0x00000000d5e7e940,0x00000000d5e80000)
  to   space 1536K, 0% used [0x00000000d5f00000,0x00000000d5f00000,0x00000000d6080000)
 ParOldGen       total 910336K, used 142832K [0x0000000080000000, 0x00000000b7900000, 0x00000000d5580000)
  object space 910336K, 15% used [0x0000000080000000,0x0000000088b7c038,0x00000000b7900000)
 Metaspace       used 83096K, committed 84928K, reserved 1179648K
  class space    used 8694K, committed 9536K, reserved 1048576K
}
Event: 11981.488 GC heap before
{Heap before GC invocations=1230 (full 4):
 PSYoungGen      total 8704K, used 8698K [0x00000000d5580000, 0x00000000d6080000, 0x0000000100000000)
  eden space 8192K, 100% used [0x00000000d5580000,0x00000000d5d80000,0x00000000d5d80000)
  from space 512K, 98% used [0x00000000d5e00000,0x00000000d5e7e940,0x00000000d5e80000)
  to   space 1536K, 0% used [0x00000000d5f00000,0x00000000d5f00000,0x00000000d6080000)
 ParOldGen       total 910336K, used 142832K [0x0000000080000000, 0x00000000b7900000, 0x00000000d5580000)
  object space 910336K, 15% used [0x0000000080000000,0x0000000088b7c038,0x00000000b7900000)
 Metaspace       used 83112K, committed 84928K, reserved 1179648K
  class space    used 8697K, committed 9536K, reserved 1048576K
}
Event: 11981.494 GC heap after
{Heap after GC invocations=1230 (full 4):
 PSYoungGen      total 9728K, used 932K [0x00000000d5580000, 0x00000000d6080000, 0x0000000100000000)
  eden space 8192K, 0% used [0x00000000d5580000,0x00000000d5580000,0x00000000d5d80000)
  from space 1536K, 60% used [0x00000000d5f00000,0x00000000d5fe9210,0x00000000d6080000)
  to   space 1536K, 0% used [0x00000000d5d80000,0x00000000d5d80000,0x00000000d5f00000)
 ParOldGen       total 910336K, used 143308K [0x0000000080000000, 0x00000000b7900000, 0x00000000d5580000)
  object space 910336K, 15% used [0x0000000080000000,0x0000000088bf32b0,0x00000000b7900000)
 Metaspace       used 83112K, committed 84928K, reserved 1179648K
  class space    used 8697K, committed 9536K, reserved 1048576K
}
Event: 13284.190 GC heap before
{Heap before GC invocations=1231 (full 4):
 PSYoungGen      total 9728K, used 8427K [0x00000000d5580000, 0x00000000d6080000, 0x0000000100000000)
  eden space 8192K, 91% used [0x00000000d5580000,0x00000000d5cd1a40,0x00000000d5d80000)
  from space 1536K, 60% used [0x00000000d5f00000,0x00000000d5fe9210,0x00000000d6080000)
  to   space 1536K, 0% used [0x00000000d5d80000,0x00000000d5d80000,0x00000000d5f00000)
 ParOldGen       total 910336K, used 143308K [0x0000000080000000, 0x00000000b7900000, 0x00000000d5580000)
  object space 910336K, 15% used [0x0000000080000000,0x0000000088bf32b0,0x00000000b7900000)
 Metaspace       used 83142K, committed 84928K, reserved 1179648K
  class space    used 8698K, committed 9536K, reserved 1048576K
}
Event: 13284.228 GC heap after
{Heap after GC invocations=1231 (full 4):
 PSYoungGen      total 8704K, used 256K [0x00000000d5580000, 0x00000000d5f80000, 0x0000000100000000)
  eden space 8192K, 0% used [0x00000000d5580000,0x00000000d5580000,0x00000000d5d80000)
  from space 512K, 50% used [0x00000000d5d80000,0x00000000d5dc0000,0x00000000d5e00000)
  to   space 1024K, 0% used [0x00000000d5e80000,0x00000000d5e80000,0x00000000d5f80000)
 ParOldGen       total 910336K, used 143812K [0x0000000080000000, 0x00000000b7900000, 0x00000000d5580000)
  object space 910336K, 15% used [0x0000000080000000,0x0000000088c712b0,0x00000000b7900000)
 Metaspace       used 83142K, committed 84928K, reserved 1179648K
  class space    used 8698K, committed 9536K, reserved 1048576K
}
Event: 13620.608 GC heap before
{Heap before GC invocations=1232 (full 4):
 PSYoungGen      total 8704K, used 8448K [0x00000000d5580000, 0x00000000d5f80000, 0x0000000100000000)
  eden space 8192K, 100% used [0x00000000d5580000,0x00000000d5d80000,0x00000000d5d80000)
  from space 512K, 50% used [0x00000000d5d80000,0x00000000d5dc0000,0x00000000d5e00000)
  to   space 1024K, 0% used [0x00000000d5e80000,0x00000000d5e80000,0x00000000d5f80000)
 ParOldGen       total 910336K, used 143812K [0x0000000080000000, 0x00000000b7900000, 0x00000000d5580000)
  object space 910336K, 15% used [0x0000000080000000,0x0000000088c712b0,0x00000000b7900000)
 Metaspace       used 83178K, committed 84992K, reserved 1179648K
  class space    used 8698K, committed 9536K, reserved 1048576K
}
Event: 13620.616 GC heap after
{Heap after GC invocations=1232 (full 4):
 PSYoungGen      total 8704K, used 1005K [0x00000000d5580000, 0x00000000d6080000, 0x0000000100000000)
  eden space 7680K, 0% used [0x00000000d5580000,0x00000000d5580000,0x00000000d5d00000)
  from space 1024K, 98% used [0x00000000d5e80000,0x00000000d5f7b510,0x00000000d5f80000)
  to   space 1536K, 0% used [0x00000000d5d00000,0x00000000d5d00000,0x00000000d5e80000)
 ParOldGen       total 910336K, used 143966K [0x0000000080000000, 0x00000000b7900000, 0x00000000d5580000)
  object space 910336K, 15% used [0x0000000080000000,0x0000000088c97bb0,0x00000000b7900000)
 Metaspace       used 83178K, committed 84992K, reserved 1179648K
  class space    used 8698K, committed 9536K, reserved 1048576K
}
Event: 13680.194 GC heap before
{Heap before GC invocations=1233 (full 4):
 PSYoungGen      total 8704K, used 8685K [0x00000000d5580000, 0x00000000d6080000, 0x0000000100000000)
  eden space 7680K, 100% used [0x00000000d5580000,0x00000000d5d00000,0x00000000d5d00000)
  from space 1024K, 98% used [0x00000000d5e80000,0x00000000d5f7b510,0x00000000d5f80000)
  to   space 1536K, 0% used [0x00000000d5d00000,0x00000000d5d00000,0x00000000d5e80000)
 ParOldGen       total 910336K, used 143966K [0x0000000080000000, 0x00000000b7900000, 0x00000000d5580000)
  object space 910336K, 15% used [0x0000000080000000,0x0000000088c97bb0,0x00000000b7900000)
 Metaspace       used 83219K, committed 84992K, reserved 1179648K
  class space    used 8698K, committed 9536K, reserved 1048576K
}
Event: 13680.213 GC heap after
{Heap after GC invocations=1233 (full 4):
 PSYoungGen      total 9216K, used 1181K [0x00000000d5580000, 0x00000000d6000000, 0x0000000100000000)
  eden space 7680K, 0% used [0x00000000d5580000,0x00000000d5580000,0x00000000d5d00000)
  from space 1536K, 76% used [0x00000000d5d00000,0x00000000d5e27560,0x00000000d5e80000)
  to   space 1536K, 0% used [0x00000000d5e80000,0x00000000d5e80000,0x00000000d6000000)
 ParOldGen       total 910336K, used 144046K [0x0000000080000000, 0x00000000b7900000, 0x00000000d5580000)
  object space 910336K, 15% used [0x0000000080000000,0x0000000088cabbc0,0x00000000b7900000)
 Metaspace       used 83219K, committed 84992K, reserved 1179648K
  class space    used 8698K, committed 9536K, reserved 1048576K
}
Event: 13693.904 GC heap before
{Heap before GC invocations=1234 (full 4):
 PSYoungGen      total 9216K, used 8861K [0x00000000d5580000, 0x00000000d6000000, 0x0000000100000000)
  eden space 7680K, 100% used [0x00000000d5580000,0x00000000d5d00000,0x00000000d5d00000)
  from space 1536K, 76% used [0x00000000d5d00000,0x00000000d5e27560,0x00000000d5e80000)
  to   space 1536K, 0% used [0x00000000d5e80000,0x00000000d5e80000,0x00000000d6000000)
 ParOldGen       total 910336K, used 144046K [0x0000000080000000, 0x00000000b7900000, 0x00000000d5580000)
  object space 910336K, 15% used [0x0000000080000000,0x0000000088cabbc0,0x00000000b7900000)
 Metaspace       used 83311K, committed 85056K, reserved 1179648K
  class space    used 8698K, committed 9536K, reserved 1048576K
}
Event: 13693.908 GC heap after
{Heap after GC invocations=1234 (full 4):
 PSYoungGen      total 9216K, used 1197K [0x00000000d5580000, 0x00000000d6000000, 0x0000000100000000)
  eden space 7680K, 0% used [0x00000000d5580000,0x00000000d5580000,0x00000000d5d00000)
  from space 1536K, 77% used [0x00000000d5e80000,0x00000000d5fab530,0x00000000d6000000)
  to   space 1536K, 0% used [0x00000000d5d00000,0x00000000d5d00000,0x00000000d5e80000)
 ParOldGen       total 910336K, used 144263K [0x0000000080000000, 0x00000000b7900000, 0x00000000d5580000)
  object space 910336K, 15% used [0x0000000080000000,0x0000000088ce1c20,0x00000000b7900000)
 Metaspace       used 83311K, committed 85056K, reserved 1179648K
  class space    used 8698K, committed 9536K, reserved 1048576K
}
Event: 13714.550 GC heap before
{Heap before GC invocations=1235 (full 4):
 PSYoungGen      total 9216K, used 8877K [0x00000000d5580000, 0x00000000d6000000, 0x0000000100000000)
  eden space 7680K, 100% used [0x00000000d5580000,0x00000000d5d00000,0x00000000d5d00000)
  from space 1536K, 77% used [0x00000000d5e80000,0x00000000d5fab530,0x00000000d6000000)
  to   space 1536K, 0% used [0x00000000d5d00000,0x00000000d5d00000,0x00000000d5e80000)
 ParOldGen       total 910336K, used 144263K [0x0000000080000000, 0x00000000b7900000, 0x00000000d5580000)
  object space 910336K, 15% used [0x0000000080000000,0x0000000088ce1c20,0x00000000b7900000)
 Metaspace       used 83343K, committed 85056K, reserved 1179648K
  class space    used 8699K, committed 9536K, reserved 1048576K
}
Event: 13714.553 GC heap after
{Heap after GC invocations=1235 (full 4):
 PSYoungGen      total 9216K, used 1117K [0x00000000d5580000, 0x00000000d6000000, 0x0000000100000000)
  eden space 7680K, 0% used [0x00000000d5580000,0x00000000d5580000,0x00000000d5d00000)
  from space 1536K, 72% used [0x00000000d5d00000,0x00000000d5e17540,0x00000000d5e80000)
  to   space 1536K, 0% used [0x00000000d5e80000,0x00000000d5e80000,0x00000000d6000000)
 ParOldGen       total 910336K, used 144407K [0x0000000080000000, 0x00000000b7900000, 0x00000000d5580000)
  object space 910336K, 15% used [0x0000000080000000,0x0000000088d05c50,0x00000000b7900000)
 Metaspace       used 83343K, committed 85056K, reserved 1179648K
  class space    used 8699K, committed 9536K, reserved 1048576K
}

